<?xml version="1.0" encoding="UTF-8"?>
<!-- Generated by org.testng.reporters.JUnitXMLReporter -->
<testsuite ignored="0" hostname="LAPTOP-6JAL3NBB" failures="0" tests="5" name="Default test" time="1.386" errors="0" timestamp="2024-03-21T20:03:01 IST">
  <testcase classname="test.EmployeeTests" name="testPostEmployee" time="1.05"/>
  <testcase classname="test.EmployeeTests" name="testGetAllEmployee" time="0.037"/>
  <testcase classname="test.EmployeeTests" name="testGetEmployeeById" time="0.071"/>
  <testcase classname="test.EmployeeTests" name="testUpdateEmployee" time="0.038"/>
  <testcase classname="test.EmployeeTests" name="testDeleteEmployee" time="0.03"/>
</testsuite> <!-- Default test -->
